# Software: PHP Report Maker
# Version: 9.0
# Date: 2016-01-05 19:01:01

#
# config
#
ADDED   : (TABLE) config
ADDED   : (Field) config->thresholdID
ADDED   : (Field) config->years

#
# criteria
#
ADDED   : (TABLE) criteria
ADDED   : (Field) criteria->criteriaID
ADDED   : (Field) criteria->criteriaName

#
# criteria1_3
#
ADDED   : (TABLE) criteria1_3
ADDED   : (Field) criteria1_3->CandID
ADDED   : (Field) criteria1_3->MarkID
ADDED   : (Field) criteria1_3->gpa
ADDED   : (Field) criteria1_3->projects
ADDED   : (Field) criteria1_3->softskills

#
# designation
#
ADDED   : (TABLE) designation
ADDED   : (Field) designation->DesigID
ADDED   : (Field) designation->Designation

#
# employee
#
ADDED   : (Field) employee->Designation

#
# evaluation
#
ADDED   : (TABLE) evaluation
ADDED   : (Field) evaluation->criteriaID
ADDED   : (Field) evaluation->evalID
ADDED   : (Field) evaluation->evalName
ADDED   : (Field) evaluation->evalWeight

#
# interview
#
CHANGED : (Field) interview->EvaCriID - Changed type from 253 to 3
ADDED   : (Field) interview->duration

#
# interviewpanel
#
ADDED   : (Field) interviewpanel->IntPanName

#
# interviewpanelmember
#
CHANGED : (Field) interviewpanelmember->EmpID - Changed type from 3 to 253

#
# login
#
ADDED   : (TABLE) login
ADDED   : (Field) login->password
ADDED   : (Field) login->type
ADDED   : (Field) login->username
ADDED   : (Field) login->usrid
